Using pre-set license
Built from '2022.3/staging' branch; Version is '2022.3.26f1 (ec6cd8118806) revision 15494360'; Using compiler version '192829333'; Build Type 'Release'
OS: 'Windows 11  (10.0.22631) 64bit Core' Language: 'es' Physical Memory: 32175 MB
BatchMode: 1, IsHumanControllingUs: 0, StartBugReporterOnCrash: 0, Is64bit: 1, IsPro: 1

COMMAND LINE ARGUMENTS:
D:\Program Files\Unity Hub\editor\2022.3.26f1\Editor\Unity.exe
-adb2
-batchMode
-noUpm
-name
AssetImportWorker0
-projectPath
D:/UCEVA/UnityProjects/UCEVA_GD/GemeloDigital_Art
-logFile
Logs/AssetImportWorker0.log
-srvPort
53362
Successfully changed project path to: D:/UCEVA/UnityProjects/UCEVA_GD/GemeloDigital_Art
D:/UCEVA/UnityProjects/UCEVA_GD/GemeloDigital_Art
[UnityMemory] Configuration Parameters - Can be set up in boot.config
    "memorysetup-bucket-allocator-granularity=16"
    "memorysetup-bucket-allocator-bucket-count=8"
    "memorysetup-bucket-allocator-block-size=33554432"
    "memorysetup-bucket-allocator-block-count=8"
    "memorysetup-main-allocator-block-size=16777216"
    "memorysetup-thread-allocator-block-size=16777216"
    "memorysetup-gfx-main-allocator-block-size=16777216"
    "memorysetup-gfx-thread-allocator-block-size=16777216"
    "memorysetup-cache-allocator-block-size=4194304"
    "memorysetup-typetree-allocator-block-size=2097152"
    "memorysetup-profiler-bucket-allocator-granularity=16"
    "memorysetup-profiler-bucket-allocator-bucket-count=8"
    "memorysetup-profiler-bucket-allocator-block-size=33554432"
    "memorysetup-profiler-bucket-allocator-block-count=8"
    "memorysetup-profiler-allocator-block-size=16777216"
    "memorysetup-profiler-editor-allocator-block-size=1048576"
    "memorysetup-temp-allocator-size-main=16777216"
    "memorysetup-job-temp-allocator-block-size=2097152"
    "memorysetup-job-temp-allocator-block-size-background=1048576"
    "memorysetup-job-temp-allocator-reduction-small-platforms=262144"
    "memorysetup-allocator-temp-initial-block-size-main=262144"
    "memorysetup-allocator-temp-initial-block-size-worker=262144"
    "memorysetup-temp-allocator-size-background-worker=32768"
    "memorysetup-temp-allocator-size-job-worker=262144"
    "memorysetup-temp-allocator-size-preload-manager=33554432"
    "memorysetup-temp-allocator-size-nav-mesh-worker=65536"
    "memorysetup-temp-allocator-size-audio-worker=65536"
    "memorysetup-temp-allocator-size-cloud-worker=32768"
    "memorysetup-temp-allocator-size-gi-baking-worker=262144"
    "memorysetup-temp-allocator-size-gfx=262144"
Player connection [3764] Host "[IP] 192.168.1.3 [Port] 0 [Flags] 2 [Guid] 4165995815 [EditorId] 4165995815 [Version] 1048832 [Id] WindowsEditor(7,Carambitas) [Debug] 1 [PackageName] WindowsEditor [ProjectName] Editor" joined multi-casting on [225.0.0.222:54997]...

Player connection [3764] Host "[IP] 192.168.1.3 [Port] 0 [Flags] 2 [Guid] 4165995815 [EditorId] 4165995815 [Version] 1048832 [Id] WindowsEditor(7,Carambitas) [Debug] 1 [PackageName] WindowsEditor [ProjectName] Editor" joined alternative multi-casting on [225.0.0.222:34997]...

[Physics::Module] Initialized MultithreadedJobDispatcher with 15 workers.
Refreshing native plugins compatible for Editor in 5.14 ms, found 3 plugins.
Preloading 0 native plugins for Editor in 0.00 ms.
Initialize engine version: 2022.3.26f1 (ec6cd8118806)
[Subsystems] Discovering subsystems at path D:/Program Files/Unity Hub/editor/2022.3.26f1/Editor/Data/Resources/UnitySubsystems
[Subsystems] Discovering subsystems at path D:/UCEVA/UnityProjects/UCEVA_GD/GemeloDigital_Art/Assets
GfxDevice: creating device client; threaded=0; jobified=0
Direct3D:
    Version:  Direct3D 11.0 [level 11.1]
    Renderer: NVIDIA GeForce RTX 3080 Laptop GPU (ID=0x249c)
    Vendor:   NVIDIA
    VRAM:     8018 MB
    Driver:   31.0.15.5186
Initialize mono
Mono path[0] = 'D:/Program Files/Unity Hub/editor/2022.3.26f1/Editor/Data/Managed'
Mono path[1] = 'D:/Program Files/Unity Hub/editor/2022.3.26f1/Editor/Data/MonoBleedingEdge/lib/mono/unityjit-win32'
Mono config path = 'D:/Program Files/Unity Hub/editor/2022.3.26f1/Editor/Data/MonoBleedingEdge/etc'
Using monoOptions --debugger-agent=transport=dt_socket,embedding=1,server=y,suspend=n,address=127.0.0.1:56256
Begin MonoManager ReloadAssembly
Registering precompiled unity dll's ...
Register platform support module: D:/Program Files/Unity Hub/editor/2022.3.26f1/Editor/Data/PlaybackEngines/WebGLSupport/UnityEditor.WebGL.Extensions.dll
Register platform support module: D:/Program Files/Unity Hub/editor/2022.3.26f1/Editor/Data/PlaybackEngines/WindowsStandaloneSupport/UnityEditor.WindowsStandalone.Extensions.dll
Registered in 0.002889 seconds.
- Loaded All Assemblies, in  0.259 seconds
Native extension for WindowsStandalone target not found
Native extension for WebGL target not found
Mono: successfully reloaded assembly
- Finished resetting the current domain, in  0.236 seconds
Domain Reload Profiling: 495ms
	BeginReloadAssembly (80ms)
		ExecutionOrderSort (0ms)
		DisableScriptedObjects (0ms)
		BackupInstance (0ms)
		ReleaseScriptingObjects (0ms)
		CreateAndSetChildDomain (1ms)
	RebuildCommonClasses (26ms)
	RebuildNativeTypeToScriptingClass (8ms)
	initialDomainReloadingComplete (39ms)
	LoadAllAssembliesAndSetupDomain (106ms)
		LoadAssemblies (80ms)
		RebuildTransferFunctionScriptingTraits (0ms)
		AnalyzeDomain (104ms)
			TypeCache.Refresh (103ms)
				TypeCache.ScanAssembly (93ms)
			ScanForSourceGeneratedMonoScriptInfo (0ms)
			ResolveRequiredComponents (0ms)
	FinalizeReload (237ms)
		ReleaseScriptCaches (0ms)
		RebuildScriptCaches (0ms)
		SetupLoadedEditorAssemblies (190ms)
			LogAssemblyErrors (0ms)
			InitializePlatformSupportModulesInManaged (7ms)
			SetLoadedEditorAssemblies (4ms)
			RefreshPlugins (0ms)
			BeforeProcessingInitializeOnLoad (2ms)
			ProcessInitializeOnLoadAttributes (135ms)
			ProcessInitializeOnLoadMethodAttributes (42ms)
			AfterProcessingInitializeOnLoad (0ms)
			EditorAssembliesLoaded (0ms)
		ExecutionOrderSort2 (0ms)
		AwakeInstancesAfterBackupRestoration (0ms)
========================================================================
Worker process is ready to serve import requests
Begin MonoManager ReloadAssembly
- Loaded All Assemblies, in  0.637 seconds
Refreshing native plugins compatible for Editor in 1.32 ms, found 3 plugins.
Native extension for WindowsStandalone target not found
Native extension for WebGL target not found
Package Manager log level set to [2]
[Package Manager] Server::EnsureServerProcessIsRunning -- launch failed, reason: Unity was launched with the -noUpm command-line argument
[Package Manager] UpmClient::Send -- Unable to send message (not connected to UPM process).
[Package Manager] Cannot connect to Unity Package Manager local server
Mono: successfully reloaded assembly
- Finished resetting the current domain, in  0.602 seconds
Domain Reload Profiling: 1239ms
	BeginReloadAssembly (113ms)
		ExecutionOrderSort (0ms)
		DisableScriptedObjects (5ms)
		BackupInstance (0ms)
		ReleaseScriptingObjects (0ms)
		CreateAndSetChildDomain (19ms)
	RebuildCommonClasses (26ms)
	RebuildNativeTypeToScriptingClass (8ms)
	initialDomainReloadingComplete (28ms)
	LoadAllAssembliesAndSetupDomain (461ms)
		LoadAssemblies (203ms)
		RebuildTransferFunctionScriptingTraits (0ms)
		AnalyzeDomain (322ms)
			TypeCache.Refresh (305ms)
				TypeCache.ScanAssembly (104ms)
			ScanForSourceGeneratedMonoScriptInfo (11ms)
			ResolveRequiredComponents (4ms)
	FinalizeReload (602ms)
		ReleaseScriptCaches (0ms)
		RebuildScriptCaches (0ms)
		SetupLoadedEditorAssemblies (484ms)
			LogAssemblyErrors (0ms)
			InitializePlatformSupportModulesInManaged (5ms)
			SetLoadedEditorAssemblies (3ms)
			RefreshPlugins (0ms)
			BeforeProcessingInitializeOnLoad (45ms)
			ProcessInitializeOnLoadAttributes (411ms)
			ProcessInitializeOnLoadMethodAttributes (19ms)
			AfterProcessingInitializeOnLoad (2ms)
			EditorAssembliesLoaded (0ms)
		ExecutionOrderSort2 (0ms)
		AwakeInstancesAfterBackupRestoration (5ms)
Launched and connected shader compiler UnityShaderCompiler.exe after 0.04 seconds
Refreshing native plugins compatible for Editor in 1.53 ms, found 3 plugins.
Preloading 0 native plugins for Editor in 0.00 ms.
Unloading 3094 Unused Serialized files (Serialized files now loaded: 0)
Unloading 33 unused Assets / (57.5 KB). Loaded Objects now: 3554.
Memory consumption went from 121.4 MB to 121.4 MB.
Total: 2.909300 ms (FindLiveObjects: 0.246200 ms CreateObjectMapping: 0.088600 ms MarkObjects: 2.479600 ms  DeleteObjects: 0.093900 ms)

AssetImportParameters requested are different than current active one (requested -> active):
  custom:container-demuxer-ogg: 62fdf1f143b41e24485cea50d1cbac27 -> 
  custom:video-decoder-ogg-theora: a1e56fd34408186e4bbccfd4996cb3dc -> 
  custom:framework-win-MediaFoundation: 216162199b28c13a410421893ffa2e32 -> 
  custom:CustomObjectIndexerAttribute: 9a22284fe3817be447336de3de66b15e -> 
  custom:container-demuxer-webm: 4f35f7cbe854078d1ac9338744f61a02 -> 
  custom:container-muxer-webm: aa71ff27fc2769a1b78a27578f13a17b -> 
  custom:video-decoder-webm-vp8: 9c59270c3fd7afecdb556c50c9e8de78 -> 
  custom:SearchIndexIgnoredProperties: e643bd26f0fe6173181afceb89e7c659 -> 
  custom:AudioImporter_EditorPlatform: d09bf68614088b80899f8185d706f6e7 -> 
  custom:video-encoder-webm-vp8: eb34c28f22e8b96e1ab97ce403110664 -> 
  custom:audio-decoder-ogg-vorbis: bf7c407c2cedff20999df2af8eb42d56 -> 
  custom:audio-encoder-webm-vorbis: bf7c407c2cedff20999df2af8eb42d56 -> 
========================================================================
Received Import Request.
  Time since last request: 4142.516141 seconds.
  path: Assets/Models
  artifactKey: Guid(5a7427787c876a541848e9b1cff065f4) Importer(815301076,1909f56bfc062723c751e8b465ee728b)
Start importing Assets/Models using Guid(5a7427787c876a541848e9b1cff065f4) Importer(815301076,1909f56bfc062723c751e8b465ee728b)  -> (artifact id: 'b8e066d7680aab4a0b605b1bd5e3778b') in 0.002417 seconds
Number of updated asset objects reloaded before import = 0
Number of asset objects unloaded after import = 0
========================================================================
Received Import Request.
  Time since last request: 1.082470 seconds.
  path: Assets/Textures
  artifactKey: Guid(c8e3e87a551c477479d654cfa499b63e) Importer(815301076,1909f56bfc062723c751e8b465ee728b)
Start importing Assets/Textures using Guid(c8e3e87a551c477479d654cfa499b63e) Importer(815301076,1909f56bfc062723c751e8b465ee728b)  -> (artifact id: 'eafe27ff465100829e6d6ad7ad4b5460') in 0.000530 seconds
Number of updated asset objects reloaded before import = 0
Number of asset objects unloaded after import = 0
========================================================================
Received Import Request.
  Time since last request: 4.861053 seconds.
  path: Assets/Materials
  artifactKey: Guid(e1d8254937a4d7240abd4ad66c0ec2b5) Importer(815301076,1909f56bfc062723c751e8b465ee728b)
Start importing Assets/Materials using Guid(e1d8254937a4d7240abd4ad66c0ec2b5) Importer(815301076,1909f56bfc062723c751e8b465ee728b)  -> (artifact id: 'dbebe6cac8af3b2cc67cfa921244963a') in 0.000476 seconds
Number of updated asset objects reloaded before import = 0
Number of asset objects unloaded after import = 0
========================================================================
Received Import Request.
  Time since last request: 319.847948 seconds.
  path: Assets/Models/WindowFrame_1.fbx
  artifactKey: Guid(dfba69ee0e22aba4b960d9c5bee9c8cd) Importer(815301076,1909f56bfc062723c751e8b465ee728b)
Start importing Assets/Models/WindowFrame_1.fbx using Guid(dfba69ee0e22aba4b960d9c5bee9c8cd) Importer(815301076,1909f56bfc062723c751e8b465ee728b)  -> (artifact id: '0a9c953e1bc42dc2fe87f78bbe44327d') in 0.341358 seconds
Number of updated asset objects reloaded before import = 0
Number of asset objects unloaded after import = 7
========================================================================
Received Import Request.
  Time since last request: 263.736740 seconds.
  path: Assets/Models/1mCube.fbx
  artifactKey: Guid(68a613b79bc104745a86445095bcb32e) Importer(815301076,1909f56bfc062723c751e8b465ee728b)
Start importing Assets/Models/1mCube.fbx using Guid(68a613b79bc104745a86445095bcb32e) Importer(815301076,1909f56bfc062723c751e8b465ee728b)  -> (artifact id: '96093fb09d475a99c98181c3f69426b3') in 0.014694 seconds
Number of updated asset objects reloaded before import = 0
Number of asset objects unloaded after import = 7
========================================================================
Received Import Request.
  Time since last request: 333.690257 seconds.
  path: Assets/Models/BackWall.fbx
  artifactKey: Guid(7b2b682a4e01c3c4595e2f578d082b61) Importer(815301076,1909f56bfc062723c751e8b465ee728b)
Start importing Assets/Models/BackWall.fbx using Guid(7b2b682a4e01c3c4595e2f578d082b61) Importer(815301076,1909f56bfc062723c751e8b465ee728b)  -> (artifact id: 'c9dce7e7652e0bf62d9788db0784e303') in 0.016323 seconds
Number of updated asset objects reloaded before import = 0
Number of asset objects unloaded after import = 7
========================================================================
Received Import Request.
  Time since last request: 0.000023 seconds.
  path: Assets/Models/DoorFrame_1.fbx
  artifactKey: Guid(ca60a9a3f08ac2e4b9ced565c04a669c) Importer(815301076,1909f56bfc062723c751e8b465ee728b)
Start importing Assets/Models/DoorFrame_1.fbx using Guid(ca60a9a3f08ac2e4b9ced565c04a669c) Importer(815301076,1909f56bfc062723c751e8b465ee728b)  -> (artifact id: '263a0e363604875881cb8f8e187a9e69') in 0.017414 seconds
Number of updated asset objects reloaded before import = 0
Number of asset objects unloaded after import = 7
========================================================================
Received Import Request.
  Time since last request: 0.000032 seconds.
  path: Assets/Models/WindowGlass_2.fbx
  artifactKey: Guid(4116bda7f4800fa479fa79fccebf3512) Importer(815301076,1909f56bfc062723c751e8b465ee728b)
Start importing Assets/Models/WindowGlass_2.fbx using Guid(4116bda7f4800fa479fa79fccebf3512) Importer(815301076,1909f56bfc062723c751e8b465ee728b)  -> (artifact id: '9b56dd9adc2e9ad90301dcb314c9e7ad') in 0.021057 seconds
Number of updated asset objects reloaded before import = 0
Number of asset objects unloaded after import = 7
========================================================================
Received Import Request.
  Time since last request: 0.000024 seconds.
  path: Assets/Models/WindowGlass_3.fbx
  artifactKey: Guid(b69f88d0b3388494c9409f87ac76ad51) Importer(815301076,1909f56bfc062723c751e8b465ee728b)
Start importing Assets/Models/WindowGlass_3.fbx using Guid(b69f88d0b3388494c9409f87ac76ad51) Importer(815301076,1909f56bfc062723c751e8b465ee728b)  -> (artifact id: '47179c3216e11c0cc03554639bf29400') in 0.020662 seconds
Number of updated asset objects reloaded before import = 0
Number of asset objects unloaded after import = 7
========================================================================
Received Import Request.
  Time since last request: 0.000028 seconds.
  path: Assets/Models/Floor_2.fbx
  artifactKey: Guid(a349cae1ec40b3f4ea1fdb4139a8d560) Importer(815301076,1909f56bfc062723c751e8b465ee728b)
Start importing Assets/Models/Floor_2.fbx using Guid(a349cae1ec40b3f4ea1fdb4139a8d560) Importer(815301076,1909f56bfc062723c751e8b465ee728b)  -> (artifact id: '2a3b595add2dfda935396b02ea90569b') in 0.015539 seconds
Number of updated asset objects reloaded before import = 0
Number of asset objects unloaded after import = 7
========================================================================
Received Import Request.
  Time since last request: 0.000018 seconds.
  path: Assets/Models/Floor_1.fbx
  artifactKey: Guid(7a61cccbc57d43f4388dd90a6aee827a) Importer(815301076,1909f56bfc062723c751e8b465ee728b)
Start importing Assets/Models/Floor_1.fbx using Guid(7a61cccbc57d43f4388dd90a6aee827a) Importer(815301076,1909f56bfc062723c751e8b465ee728b)  -> (artifact id: 'c0b7df35205ca87858abfa821854c79c') in 0.020801 seconds
Number of updated asset objects reloaded before import = 0
Number of asset objects unloaded after import = 7
========================================================================
Received Import Request.
  Time since last request: 0.000025 seconds.
  path: Assets/Models/Columns_Front.fbx
  artifactKey: Guid(a2bd7f65c8ab0394c948cc897b1f8838) Importer(815301076,1909f56bfc062723c751e8b465ee728b)
Start importing Assets/Models/Columns_Front.fbx using Guid(a2bd7f65c8ab0394c948cc897b1f8838) Importer(815301076,1909f56bfc062723c751e8b465ee728b)  -> (artifact id: '2b671194c9b1d594e11d4b3320431dbb') in 0.019060 seconds
Number of updated asset objects reloaded before import = 0
Number of asset objects unloaded after import = 7
========================================================================
Received Import Request.
  Time since last request: 0.000018 seconds.
  path: Assets/Models/WindowFrame_2.fbx
  artifactKey: Guid(a1ae18f869e142d4daee02503d73bca0) Importer(815301076,1909f56bfc062723c751e8b465ee728b)
Start importing Assets/Models/WindowFrame_2.fbx using Guid(a1ae18f869e142d4daee02503d73bca0) Importer(815301076,1909f56bfc062723c751e8b465ee728b)  -> (artifact id: 'f26e9b42508ba6f5aacb8ab557953c31') in 0.019155 seconds
Number of updated asset objects reloaded before import = 0
Number of asset objects unloaded after import = 7
========================================================================
Received Import Request.
  Time since last request: 0.000021 seconds.
  path: Assets/Models/WindowFrame_3.fbx
  artifactKey: Guid(3126496fe3b46424f97efafb78c536c2) Importer(815301076,1909f56bfc062723c751e8b465ee728b)
Start importing Assets/Models/WindowFrame_3.fbx using Guid(3126496fe3b46424f97efafb78c536c2) Importer(815301076,1909f56bfc062723c751e8b465ee728b)  -> (artifact id: '1438866b5745ddbe324eea5934236a99') in 0.017480 seconds
Number of updated asset objects reloaded before import = 0
Number of asset objects unloaded after import = 7
========================================================================
Received Import Request.
  Time since last request: 0.000018 seconds.
  path: Assets/Models/Door_1.fbx
  artifactKey: Guid(3996247352e2c2f439e5424ce975a707) Importer(815301076,1909f56bfc062723c751e8b465ee728b)
Start importing Assets/Models/Door_1.fbx using Guid(3996247352e2c2f439e5424ce975a707) Importer(815301076,1909f56bfc062723c751e8b465ee728b)  -> (artifact id: '0d3674274c281b18364c215b357c2c27') in 0.015614 seconds
Number of updated asset objects reloaded before import = 0
Number of asset objects unloaded after import = 7
========================================================================
Received Import Request.
  Time since last request: 0.000021 seconds.
  path: Assets/Models/Ceiling2.fbx
  artifactKey: Guid(6c2e95bc8f846ba4896f003edb8a73b3) Importer(815301076,1909f56bfc062723c751e8b465ee728b)
Start importing Assets/Models/Ceiling2.fbx using Guid(6c2e95bc8f846ba4896f003edb8a73b3) Importer(815301076,1909f56bfc062723c751e8b465ee728b)  -> (artifact id: '78c402619e18b769e4f27e1dbe599a5c') in 0.015212 seconds
Number of updated asset objects reloaded before import = 0
Number of asset objects unloaded after import = 7
========================================================================
Received Import Request.
  Time since last request: 0.000016 seconds.
  path: Assets/Models/Triangle_2.fbx
  artifactKey: Guid(a1017b16d2509634b9ad57bfd1d21bbe) Importer(815301076,1909f56bfc062723c751e8b465ee728b)
Start importing Assets/Models/Triangle_2.fbx using Guid(a1017b16d2509634b9ad57bfd1d21bbe) Importer(815301076,1909f56bfc062723c751e8b465ee728b)  -> (artifact id: '30e2d54fc3266197e1ac766555e5c887') in 0.015245 seconds
Number of updated asset objects reloaded before import = 0
Number of asset objects unloaded after import = 7
========================================================================
Received Import Request.
  Time since last request: 0.000016 seconds.
  path: Assets/Models/Floor_3.fbx
  artifactKey: Guid(393aaa2c6090502439afbe3237dae42d) Importer(815301076,1909f56bfc062723c751e8b465ee728b)
Start importing Assets/Models/Floor_3.fbx using Guid(393aaa2c6090502439afbe3237dae42d) Importer(815301076,1909f56bfc062723c751e8b465ee728b)  -> (artifact id: '09829815970559347af6999e0620609a') in 0.016012 seconds
Number of updated asset objects reloaded before import = 0
Number of asset objects unloaded after import = 7
========================================================================
Received Import Request.
  Time since last request: 0.000016 seconds.
  path: Assets/Models/BackWall_3.fbx
  artifactKey: Guid(e44eaaa03f9d2f44e99fb29f2d2aac37) Importer(815301076,1909f56bfc062723c751e8b465ee728b)
Start importing Assets/Models/BackWall_3.fbx using Guid(e44eaaa03f9d2f44e99fb29f2d2aac37) Importer(815301076,1909f56bfc062723c751e8b465ee728b)  -> (artifact id: '7691982752a523d2ef832865f928f169') in 0.016767 seconds
Number of updated asset objects reloaded before import = 0
Number of asset objects unloaded after import = 7
========================================================================
Received Import Request.
  Time since last request: 0.000016 seconds.
  path: Assets/Models/BackWall_4.fbx
  artifactKey: Guid(61ad39b4270befb469144a279abd0851) Importer(815301076,1909f56bfc062723c751e8b465ee728b)
Start importing Assets/Models/BackWall_4.fbx using Guid(61ad39b4270befb469144a279abd0851) Importer(815301076,1909f56bfc062723c751e8b465ee728b)  -> (artifact id: '5f88e83f1fb40c0335592b49a3dfd797') in 0.017278 seconds
Number of updated asset objects reloaded before import = 0
Number of asset objects unloaded after import = 7
========================================================================
Received Import Request.
  Time since last request: 0.000019 seconds.
  path: Assets/Models/MainWall_3.fbx
  artifactKey: Guid(2de8a6a830bb39d4fa7902b37f5e8059) Importer(815301076,1909f56bfc062723c751e8b465ee728b)
Start importing Assets/Models/MainWall_3.fbx using Guid(2de8a6a830bb39d4fa7902b37f5e8059) Importer(815301076,1909f56bfc062723c751e8b465ee728b)  -> (artifact id: 'eb11dbcefb78dc148316b57494e0dd8b') in 0.018356 seconds
Number of updated asset objects reloaded before import = 0
Number of asset objects unloaded after import = 7
========================================================================
Received Import Request.
  Time since last request: 0.000031 seconds.
  path: Assets/Models/Door_2.fbx
  artifactKey: Guid(0a74216e11b9bb14dbe535fb887729cf) Importer(815301076,1909f56bfc062723c751e8b465ee728b)
Start importing Assets/Models/Door_2.fbx using Guid(0a74216e11b9bb14dbe535fb887729cf) Importer(815301076,1909f56bfc062723c751e8b465ee728b)  -> (artifact id: '887ff67d6009889c40531c4059784f34') in 0.017284 seconds
Number of updated asset objects reloaded before import = 0
Number of asset objects unloaded after import = 7
========================================================================
Received Import Request.
  Time since last request: 0.000029 seconds.
  path: Assets/Models/WindowFrame_4.fbx
  artifactKey: Guid(614aa58402045c54089386ae27c6e498) Importer(815301076,1909f56bfc062723c751e8b465ee728b)
Start importing Assets/Models/WindowFrame_4.fbx using Guid(614aa58402045c54089386ae27c6e498) Importer(815301076,1909f56bfc062723c751e8b465ee728b)  -> (artifact id: '9766d88a67ef0840bd611cf5f09070f1') in 0.018995 seconds
Number of updated asset objects reloaded before import = 0
Number of asset objects unloaded after import = 7
========================================================================
Received Import Request.
  Time since last request: 0.000043 seconds.
  path: Assets/Models/Divider_1.fbx
  artifactKey: Guid(308ca4c4b62b58640ba01f03fa049221) Importer(815301076,1909f56bfc062723c751e8b465ee728b)
Start importing Assets/Models/Divider_1.fbx using Guid(308ca4c4b62b58640ba01f03fa049221) Importer(815301076,1909f56bfc062723c751e8b465ee728b)  -> (artifact id: '44d9ad0c72948d7839ebe6ae329fd9ac') in 0.017939 seconds
Number of updated asset objects reloaded before import = 0
Number of asset objects unloaded after import = 7
========================================================================
Received Import Request.
  Time since last request: 0.000027 seconds.
  path: Assets/Models/MainWall_1.fbx
  artifactKey: Guid(2f9c0e99f9c528f47949e13e2dfb3f9b) Importer(815301076,1909f56bfc062723c751e8b465ee728b)
Start importing Assets/Models/MainWall_1.fbx using Guid(2f9c0e99f9c528f47949e13e2dfb3f9b) Importer(815301076,1909f56bfc062723c751e8b465ee728b)  -> (artifact id: '3bc6c3b0e34df870427e0e2f6b7eb70d') in 0.015128 seconds
Number of updated asset objects reloaded before import = 0
Number of asset objects unloaded after import = 7
========================================================================
Received Import Request.
  Time since last request: 0.000020 seconds.
  path: Assets/Models/Wall_Foldable.fbx
  artifactKey: Guid(c42402034d0e0234a8bf5250f8ec6cc8) Importer(815301076,1909f56bfc062723c751e8b465ee728b)
Start importing Assets/Models/Wall_Foldable.fbx using Guid(c42402034d0e0234a8bf5250f8ec6cc8) Importer(815301076,1909f56bfc062723c751e8b465ee728b)  -> (artifact id: '5b0828fd81454b2092cef5ae55581358') in 0.019631 seconds
Number of updated asset objects reloaded before import = 0
Number of asset objects unloaded after import = 7
========================================================================
Received Import Request.
  Time since last request: 0.000025 seconds.
  path: Assets/Models/MainWall_2.fbx
  artifactKey: Guid(47972247501ad4a42a6241726d89976c) Importer(815301076,1909f56bfc062723c751e8b465ee728b)
Start importing Assets/Models/MainWall_2.fbx using Guid(47972247501ad4a42a6241726d89976c) Importer(815301076,1909f56bfc062723c751e8b465ee728b)  -> (artifact id: '954ad7ff1101ba3c610d80e7e9a87bee') in 0.014341 seconds
Number of updated asset objects reloaded before import = 0
Number of asset objects unloaded after import = 7
========================================================================
Received Import Request.
  Time since last request: 0.000020 seconds.
  path: Assets/Models/Triangle_3.fbx
  artifactKey: Guid(426e1940f4adfa34f8102c22a1aa15cc) Importer(815301076,1909f56bfc062723c751e8b465ee728b)
Start importing Assets/Models/Triangle_3.fbx using Guid(426e1940f4adfa34f8102c22a1aa15cc) Importer(815301076,1909f56bfc062723c751e8b465ee728b)  -> (artifact id: '1bb4d425a00d558ce7644ab43ef7b519') in 0.011955 seconds
Number of updated asset objects reloaded before import = 0
Number of asset objects unloaded after import = 7
========================================================================
Received Import Request.
  Time since last request: 0.000020 seconds.
  path: Assets/Models/Door_3.fbx
  artifactKey: Guid(06010e8c52798494096cca20db36998b) Importer(815301076,1909f56bfc062723c751e8b465ee728b)
Start importing Assets/Models/Door_3.fbx using Guid(06010e8c52798494096cca20db36998b) Importer(815301076,1909f56bfc062723c751e8b465ee728b)  -> (artifact id: '12e57616e1fcab68e8ca8c7c84dfce86') in 0.014187 seconds
Number of updated asset objects reloaded before import = 0
Number of asset objects unloaded after import = 7
========================================================================
Received Import Request.
  Time since last request: 0.000025 seconds.
  path: Assets/Models/Triangle_1.fbx
  artifactKey: Guid(de33bdccccafc274f84b9b7d79784d00) Importer(815301076,1909f56bfc062723c751e8b465ee728b)
Start importing Assets/Models/Triangle_1.fbx using Guid(de33bdccccafc274f84b9b7d79784d00) Importer(815301076,1909f56bfc062723c751e8b465ee728b)  -> (artifact id: '6aa3632ca6614982dbf90586399038a4') in 0.015385 seconds
Number of updated asset objects reloaded before import = 0
Number of asset objects unloaded after import = 7
Editor requested this worker to shutdown with reason: Scaling down because of idle timeout
TcpMessagingSession - receive error: operation aborted. errorcode: 995, details: La operación de E/S se anuló por una salida de subproceso o por una solicitud de aplicación.
AssetImportWorker is now disconnected from the server
Process exiting
Exiting without the bug reporter. Application will terminate with return code 0